c:\users\clmesnil\desktop\consoleapplication1\consoleapplication1\x64\debug\consoleapplication1.pch
c:\users\clmesnil\desktop\consoleapplication1\consoleapplication1\x64\debug\vc140.pdb
c:\users\clmesnil\desktop\consoleapplication1\consoleapplication1\x64\debug\stdafx.obj
c:\users\clmesnil\desktop\consoleapplication1\consoleapplication1\x64\debug\simul.obj
c:\users\clmesnil\desktop\consoleapplication1\consoleapplication1\x64\debug\form_main.obj
c:\users\clmesnil\desktop\consoleapplication1\consoleapplication1\x64\debug\consoleapplication1.obj
c:\users\clmesnil\desktop\consoleapplication1\consoleapplication1\x64\debug\assemblyinfo.obj
c:\users\clmesnil\desktop\consoleapplication1\consoleapplication1\x64\debug\.netframework,version=v4.5.2.assemblyattributes.obj
c:\users\clmesnil\desktop\consoleapplication1\consoleapplication1\x64\debug\.netframework,version=v4.5.2.assemblyattributes.asm
c:\users\clmesnil\desktop\consoleapplication1\consoleapplication1\x64\debug\consoleapplication1.form_main.resources
c:\users\clmesnil\desktop\consoleapplication1\x64\debug\consoleapplication1.exe
c:\users\clmesnil\desktop\consoleapplication1\x64\debug\consoleapplication1.pdb
c:\users\clmesnil\desktop\consoleapplication1\consoleapplication1\x64\debug\app.res
c:\users\clmesnil\desktop\consoleapplication1\consoleapplication1\x64\debug\consoleapplication1.vcxproj.generateresource.cache
c:\users\clmesnil\desktop\consoleapplication1\consoleapplication1\x64\debug\consoleapplication1.vcxprojassemblyreference.cache
c:\users\clmesnil\desktop\consoleapplication1\consoleapplication1\x64\debug\consolea.ed7c02e1.tlog\cl.command.1.tlog
c:\users\clmesnil\desktop\consoleapplication1\consoleapplication1\x64\debug\consolea.ed7c02e1.tlog\cl.read.1.tlog
c:\users\clmesnil\desktop\consoleapplication1\consoleapplication1\x64\debug\consolea.ed7c02e1.tlog\cl.write.1.tlog
c:\users\clmesnil\desktop\consoleapplication1\consoleapplication1\x64\debug\consolea.ed7c02e1.tlog\consoleapplication1.write.1u.tlog
c:\users\clmesnil\desktop\consoleapplication1\consoleapplication1\x64\debug\consolea.ed7c02e1.tlog\link.command.1.tlog
c:\users\clmesnil\desktop\consoleapplication1\consoleapplication1\x64\debug\consolea.ed7c02e1.tlog\link.read.1.tlog
c:\users\clmesnil\desktop\consoleapplication1\consoleapplication1\x64\debug\consolea.ed7c02e1.tlog\link.write.1.tlog
c:\users\clmesnil\desktop\consoleapplication1\consoleapplication1\x64\debug\consolea.ed7c02e1.tlog\metagen.read.1.tlog
c:\users\clmesnil\desktop\consoleapplication1\consoleapplication1\x64\debug\consolea.ed7c02e1.tlog\metagen.write.1.tlog
c:\users\clmesnil\desktop\consoleapplication1\consoleapplication1\x64\debug\consolea.ed7c02e1.tlog\rc.command.1.tlog
c:\users\clmesnil\desktop\consoleapplication1\consoleapplication1\x64\debug\consolea.ed7c02e1.tlog\rc.read.1.tlog
c:\users\clmesnil\desktop\consoleapplication1\consoleapplication1\x64\debug\consolea.ed7c02e1.tlog\rc.write.1.tlog
