  stdafx.cpp
  AssemblyInfo.cpp
  ConsoleApplication1.cpp
c:\users\clmesnil\documents\github\sfd-tp2\tp2 partie 2\consoleapplication1\simul.h(59): warning C4091: 'typedef ' : ignoré à gauche de 'T_gamme' quand aucune variable n'est déclarée
  form_main.cpp
c:\users\clmesnil\documents\github\sfd-tp2\tp2 partie 2\consoleapplication1\simul.h(59): warning C4091: 'typedef ' : ignoré à gauche de 'T_gamme' quand aucune variable n'est déclarée
  simul.cpp
c:\users\clmesnil\documents\github\sfd-tp2\tp2 partie 2\consoleapplication1\simul.h(59): warning C4091: 'typedef ' : ignoré à gauche de 'T_gamme' quand aucune variable n'est déclarée
simul.cpp(191): warning C4244: 'initialisation' : conversion de 'int' en 'float', perte possible de données
simul.cpp(199): warning C4244: 'initialisation' : conversion de 'int' en 'float', perte possible de données
simul.cpp(306): warning C4101: 'temp' : variable locale non référencée
simul.cpp(314): warning C4244: 'argument' : conversion de 'time_t' en 'unsigned int', perte possible de données
simul.cpp(316): warning C4244: 'initialisation' : conversion de 'int' en 'float', perte possible de données
  Génération de code en cours...
c:\users\clmesnil\documents\github\sfd-tp2\tp2 partie 2\consoleapplication1\simul.cpp(278): warning C4715: 'retirer_piece' : les chemins de contrôle ne retournent pas tous une valeur
c:\users\clmesnil\documents\github\sfd-tp2\tp2 partie 2\consoleapplication1\simul.cpp(162): warning C4700: variable locale 'nb_pieces' non initialisée utilisée
  .NETFramework,Version=v4.5.2.AssemblyAttributes.cpp
  AssemblyInfo.obj : /DEBUG:FASTLINK n'est pas pris en charge en présence de code managé ; redémarrage de l'édition des liens avec /DEBUG:FULL
  ConsoleApplication1.vcxproj -> C:\Users\clmesnil\Documents\GitHub\SFD-TP2\TP2 partie 2\Debug\ConsoleApplication1.exe
  ConsoleApplication1.vcxproj -> C:\Users\clmesnil\Documents\GitHub\SFD-TP2\TP2 partie 2\Debug\ConsoleApplication1.pdb (Partial PDB)
